<?xml version="1.0" encoding="UTF-8"?>
<testng-results skipped="0" failed="0" ignored="0" total="4" passed="4">
  <reporter-output>
  </reporter-output>
  <suite name="test" duration-ms="21205" started-at="2020-09-15T04:36:26Z" finished-at="2020-09-15T04:36:47Z">
    <groups>
    </groups>
    <test name="项目1" duration-ms="7865" started-at="2020-09-15T04:36:26Z" finished-at="2020-09-15T04:36:33Z">
      <class name="com.qa.tests.ExcelTest">
        <test-method status="PASS" signature="setUp()[pri:0, instance:com.qa.tests.ExcelTest@59e84876]" name="setUp" is-config="true" duration-ms="23" started-at="2020-09-15T12:36:26Z" finished-at="2020-09-15T12:36:26Z">
          <reporter-output>
          </reporter-output>
        </test-method> <!-- setUp -->
        <test-method status="PASS" signature="postApi(java.lang.String, java.lang.String, java.lang.String)[pri:0, instance:com.qa.tests.ExcelTest@59e84876]" name="postApi" duration-ms="2943" started-at="2020-09-15T12:36:26Z" data-provider="post" finished-at="2020-09-15T12:36:29Z">
          <params>
            <param index="0">
              <value>
                <![CDATA[/api/users]]>
              </value>
            </param>
            <param index="1">
              <value>
                <![CDATA[Nicole]]>
              </value>
            </param>
            <param index="2">
              <value>
                <![CDATA[HR]]>
              </value>
            </param>
          </params>
          <reporter-output>
          </reporter-output>
        </test-method> <!-- postApi -->
        <test-method status="PASS" signature="getApi(java.lang.String)[pri:0, instance:com.qa.tests.ExcelTest@59e84876]" name="getApi" duration-ms="4187" started-at="2020-09-15T12:36:29Z" data-provider="get" finished-at="2020-09-15T12:36:33Z">
          <params>
            <param index="0">
              <value>
                <![CDATA[/api/users]]>
              </value>
            </param>
          </params>
          <reporter-output>
          </reporter-output>
        </test-method> <!-- getApi -->
      </class> <!-- com.qa.tests.ExcelTest -->
    </test> <!-- 项目1 -->
    <test name="项目2" duration-ms="13261" started-at="2020-09-15T04:36:33Z" finished-at="2020-09-15T04:36:47Z">
      <class name="com.qa.tests.GetApiTest">
        <test-method status="PASS" signature="setUp()[pri:0, instance:com.qa.tests.GetApiTest@3a82f6ef]" name="setUp" is-config="true" duration-ms="1" started-at="2020-09-15T12:36:33Z" finished-at="2020-09-15T12:36:33Z">
          <reporter-output>
          </reporter-output>
        </test-method> <!-- setUp -->
        <test-method status="PASS" signature="getAPITest()[pri:0, instance:com.qa.tests.GetApiTest@3a82f6ef]" name="getAPITest" duration-ms="1749" started-at="2020-09-15T12:36:33Z" finished-at="2020-09-15T12:36:35Z">
          <reporter-output>
          </reporter-output>
        </test-method> <!-- getAPITest -->
        <test-method status="PASS" signature="postAPITest()[pri:0, instance:com.qa.tests.GetApiTest@3a82f6ef]" name="postAPITest" duration-ms="11510" started-at="2020-09-15T12:36:35Z" finished-at="2020-09-15T12:36:47Z">
          <reporter-output>
          </reporter-output>
        </test-method> <!-- postAPITest -->
      </class> <!-- com.qa.tests.GetApiTest -->
    </test> <!-- 项目2 -->
  </suite> <!-- test -->
</testng-results>
